<?xml version="1.0" encoding="UTF-8"?>
<!-- Generated by org.testng.reporters.JUnitReportReporter -->
<testsuite hostname="LAPTOP-TK9RH53Q" failures="0" tests="2" name="TestNGtest.FirstTestNGScript" time="0.018" errors="0" timestamp="20 Mar 2018 13:56:21 GMT" skipped="0">
  <testcase classname="TestNGtest.FirstTestNGScript" name="loginApplication" time="0.015"/>
  <testcase classname="TestNGtest.FirstTestNGScript" name="selectApplication" time="0.003"/>
</testsuite> <!-- TestNGtest.FirstTestNGScript -->
