<?xml version="1.0" encoding="UTF-8"?>
<!-- Generated by org.testng.reporters.JUnitReportReporter -->
<testsuite hostname="LAPTOP-TK9RH53Q" failures="0" tests="1" name="TestNGtest.SecondTestNGTestWithSelenium" time="47.754" errors="0" timestamp="19 Apr 2018 19:30:36 GMT" skipped="0">
  <testcase classname="TestNGtest.SecondTestNGTestWithSelenium" name="testOnWebsite" time="47.754"/>
</testsuite> <!-- TestNGtest.SecondTestNGTestWithSelenium -->
